<?xml version="1.0" encoding="UTF-8"?>
<testsuite name="runner.TestRunner" time="0.005" tests="26" errors="0" skipped="0" failures="0">
  <properties>
[...]
</properties>
  <testcase name="Given I open chrome browser" classname="Scenario: Creating Account" time="0.001"/>
  <testcase name="And I go to salesforce home page" classname="Scenario: Creating Account" time="0"/>
  <testcase name="And I enter username" classname="Scenario: Creating Account" time="0.001"/>
  <testcase name="And I enter password" classname="Scenario: Creating Account" time="0"/>
  <testcase name="When I click the login button" classname="Scenario: Creating Account" time="0"/>
  <testcase name="Then I see the dashboard" classname="Scenario: Creating Account" time="0"/>
  <testcase name="And I create Account" classname="Scenario: Creating Account" time="0"/>
  <testcase name="And I ignore the error and save" classname="Scenario: Creating Account" time="0.001"/>
  <testcase name="And I quit the browser" classname="Scenario: Creating Account" time="0"/>
  <testcase name="Scenario: Creating Account" classname="Scenario: Creating Account" time="0"/>
  <testcase name="Given I open chrome browser" classname="Scenario: login using valid credentials" time="0"/>
  <testcase name="And I go to salesforce home page" classname="Scenario: login using valid credentials" time="0"/>
  <testcase name="And I enter username" classname="Scenario: login using valid credentials" time="0"/>
  <testcase name="And I enter password" classname="Scenario: login using valid credentials" time="0"/>
  <testcase name="When I click the login button" classname="Scenario: login using valid credentials" time="0"/>
  <testcase name="Then I see the dashboard" classname="Scenario: login using valid credentials" time="0"/>
  <testcase name="And I quit the browser" classname="Scenario: login using valid credentials" time="0"/>
  <testcase name="Scenario: login using valid credentials" classname="Scenario: login using valid credentials" time="0.001"/>
  <testcase name="Given I open chrome browser" classname="Scenario: login using invalid credintials" time="0"/>
  <testcase name="And I go to salesforce home page" classname="Scenario: login using invalid credintials" time="0"/>
  <testcase name="And I enter ivalid username" classname="Scenario: login using invalid credintials" time="0"/>
  <testcase name="And I enter invalid password" classname="Scenario: login using invalid credintials" time="0"/>
  <testcase name="When I click the login button" classname="Scenario: login using invalid credintials" time="0"/>
  <testcase name="Then I should not be able to login" classname="Scenario: login using invalid credintials" time="0"/>
  <testcase name="And I quit the browser" classname="Scenario: login using invalid credintials" time="0"/>
  <testcase name="Scenario: login using invalid credintials" classname="Scenario: login using invalid credintials" time="0.001"/>
</testsuite>